[18:24:32:109] [ERROR] - com.liangxin.platform.service.New_ProposalService.UpdateForm(New_ProposalService.java:297) - null
[18:29:39:542] [ERROR] - com.liangxin.platform.service.New_ProposalService.UpdateForm(New_ProposalService.java:297) - null
[18:29:39:561] [ERROR] - com.liangxin.platform.service.New_ProposalService.UpdateForm(New_ProposalService.java:297) - null
[18:29:42:051] [ERROR] - com.liangxin.platform.service.New_ProposalService.UpdateForm(New_ProposalService.java:297) - null
[18:29:42:058] [ERROR] - com.liangxin.platform.service.New_ProposalService.UpdateForm(New_ProposalService.java:297) - null
[18:31:18:625] [ERROR] - com.liangxin.platform.service.New_ProposalService.UpdateForm(New_ProposalService.java:297) - null
[18:34:39:767] [ERROR] - com.liangxin.platform.service.New_ProposalService.UpdateForm(New_ProposalService.java:297) - null
[18:36:53:096] [ERROR] - com.liangxin.platform.service.New_ProposalService.UpdateForm(New_ProposalService.java:297) - null
[18:38:04:998] [ERROR] - com.liangxin.platform.service.New_ProposalService.UpdateForm(New_ProposalService.java:297) - null
[18:41:04:291] [ERROR] - com.liangxin.platform.service.New_ProposalService.UpdateForm(New_ProposalService.java:297) - null
[18:41:04:363] [ERROR] - com.liangxin.platform.service.New_ProposalService.UpdateForm(New_ProposalService.java:297) - null
[18:44:05:682] [ERROR] - com.liangxin.platform.service.New_ProposalService.UpdateForm(New_ProposalService.java:297) - null
[18:45:17:808] [ERROR] - com.liangxin.platform.service.New_ProposalService.createForm(New_ProposalService.java:360) - 前端传入了非法的流程建议type::==>>1,审批节点默认为类型为1
[19:05:17:871] [ERROR] - com.liangxin.platform.service.New_ProposalService.createForm(New_ProposalService.java:363) - 前端传入了非法的流程建议type::==>>1,审批节点默认为类型为1
[19:07:00:180] [ERROR] - com.liangxin.platform.service.New_ProposalService.createForm(New_ProposalService.java:362) - 前端传入了非法的流程建议type::==>>1,审批节点默认为类型为1
[19:08:26:313] [ERROR] - com.liangxin.platform.service.New_ProposalService.createForm(New_ProposalService.java:362) - 前端传入了非法的流程建议type::==>>1,审批节点默认为类型为1
[20:14:34:777] [ERROR] - org.apache.juli.logging.DirectJDKLog.log(DirectJDKLog.java:181) - Failed to start end point associated with ProtocolHandler ["http-nio-8085"]
java.net.BindException: Address already in use: bind
	at sun.nio.ch.Net.bind0(Native Method) ~[?:1.8.0_201]
	at sun.nio.ch.Net.bind(Net.java:433) ~[?:1.8.0_201]
	at sun.nio.ch.Net.bind(Net.java:425) ~[?:1.8.0_201]
	at sun.nio.ch.ServerSocketChannelImpl.bind(ServerSocketChannelImpl.java:223) ~[?:1.8.0_201]
	at sun.nio.ch.ServerSocketAdaptor.bind(ServerSocketAdaptor.java:74) ~[?:1.8.0_201]
	at org.apache.tomcat.util.net.NioEndpoint.bind(NioEndpoint.java:210) ~[tomcat-embed-core-8.5.23.jar:8.5.23]
	at org.apache.tomcat.util.net.AbstractEndpoint.start(AbstractEndpoint.java:990) ~[tomcat-embed-core-8.5.23.jar:8.5.23]
	at org.apache.coyote.AbstractProtocol.start(AbstractProtocol.java:635) [tomcat-embed-core-8.5.23.jar:8.5.23]
	at org.apache.catalina.connector.Connector.startInternal(Connector.java:1022) [tomcat-embed-core-8.5.23.jar:8.5.23]
	at org.apache.catalina.util.LifecycleBase.start(LifecycleBase.java:150) [tomcat-embed-core-8.5.23.jar:8.5.23]
	at org.apache.catalina.core.StandardService.addConnector(StandardService.java:225) [tomcat-embed-core-8.5.23.jar:8.5.23]
	at org.springframework.boot.context.embedded.tomcat.TomcatEmbeddedServletContainer.addPreviouslyRemovedConnectors(TomcatEmbeddedServletContainer.java:250) [spring-boot-1.5.8.RELEASE.jar:1.5.8.RELEASE]
	at org.springframework.boot.context.embedded.tomcat.TomcatEmbeddedServletContainer.start(TomcatEmbeddedServletContainer.java:193) [spring-boot-1.5.8.RELEASE.jar:1.5.8.RELEASE]
	at org.springframework.boot.context.embedded.EmbeddedWebApplicationContext.startEmbeddedServletContainer(EmbeddedWebApplicationContext.java:297) [spring-boot-1.5.8.RELEASE.jar:1.5.8.RELEASE]
	at org.springframework.boot.context.embedded.EmbeddedWebApplicationContext.finishRefresh(EmbeddedWebApplicationContext.java:145) [spring-boot-1.5.8.RELEASE.jar:1.5.8.RELEASE]
	at org.springframework.context.support.AbstractApplicationContext.refresh(AbstractApplicationContext.java:546) [spring-context-4.3.12.RELEASE.jar:4.3.12.RELEASE]
	at org.springframework.boot.context.embedded.EmbeddedWebApplicationContext.refresh(EmbeddedWebApplicationContext.java:122) [spring-boot-1.5.8.RELEASE.jar:1.5.8.RELEASE]
	at org.springframework.boot.SpringApplication.refresh(SpringApplication.java:693) [spring-boot-1.5.8.RELEASE.jar:1.5.8.RELEASE]
	at org.springframework.boot.SpringApplication.refreshContext(SpringApplication.java:360) [spring-boot-1.5.8.RELEASE.jar:1.5.8.RELEASE]
	at org.springframework.boot.SpringApplication.run(SpringApplication.java:303) [spring-boot-1.5.8.RELEASE.jar:1.5.8.RELEASE]
	at org.springframework.boot.SpringApplication.run(SpringApplication.java:1118) [spring-boot-1.5.8.RELEASE.jar:1.5.8.RELEASE]
	at org.springframework.boot.SpringApplication.run(SpringApplication.java:1107) [spring-boot-1.5.8.RELEASE.jar:1.5.8.RELEASE]
	at com.liangxin.platform.Main.main(Main.java:8) [classes/:?]
[20:14:34:784] [ERROR] - org.apache.juli.logging.DirectJDKLog.log(DirectJDKLog.java:181) - Failed to start connector [Connector[HTTP/1.1-8085]]
org.apache.catalina.LifecycleException: Failed to start component [Connector[HTTP/1.1-8085]]
	at org.apache.catalina.util.LifecycleBase.start(LifecycleBase.java:167) ~[tomcat-embed-core-8.5.23.jar:8.5.23]
	at org.apache.catalina.core.StandardService.addConnector(StandardService.java:225) [tomcat-embed-core-8.5.23.jar:8.5.23]
	at org.springframework.boot.context.embedded.tomcat.TomcatEmbeddedServletContainer.addPreviouslyRemovedConnectors(TomcatEmbeddedServletContainer.java:250) [spring-boot-1.5.8.RELEASE.jar:1.5.8.RELEASE]
	at org.springframework.boot.context.embedded.tomcat.TomcatEmbeddedServletContainer.start(TomcatEmbeddedServletContainer.java:193) [spring-boot-1.5.8.RELEASE.jar:1.5.8.RELEASE]
	at org.springframework.boot.context.embedded.EmbeddedWebApplicationContext.startEmbeddedServletContainer(EmbeddedWebApplicationContext.java:297) [spring-boot-1.5.8.RELEASE.jar:1.5.8.RELEASE]
	at org.springframework.boot.context.embedded.EmbeddedWebApplicationContext.finishRefresh(EmbeddedWebApplicationContext.java:145) [spring-boot-1.5.8.RELEASE.jar:1.5.8.RELEASE]
	at org.springframework.context.support.AbstractApplicationContext.refresh(AbstractApplicationContext.java:546) [spring-context-4.3.12.RELEASE.jar:4.3.12.RELEASE]
	at org.springframework.boot.context.embedded.EmbeddedWebApplicationContext.refresh(EmbeddedWebApplicationContext.java:122) [spring-boot-1.5.8.RELEASE.jar:1.5.8.RELEASE]
	at org.springframework.boot.SpringApplication.refresh(SpringApplication.java:693) [spring-boot-1.5.8.RELEASE.jar:1.5.8.RELEASE]
	at org.springframework.boot.SpringApplication.refreshContext(SpringApplication.java:360) [spring-boot-1.5.8.RELEASE.jar:1.5.8.RELEASE]
	at org.springframework.boot.SpringApplication.run(SpringApplication.java:303) [spring-boot-1.5.8.RELEASE.jar:1.5.8.RELEASE]
	at org.springframework.boot.SpringApplication.run(SpringApplication.java:1118) [spring-boot-1.5.8.RELEASE.jar:1.5.8.RELEASE]
	at org.springframework.boot.SpringApplication.run(SpringApplication.java:1107) [spring-boot-1.5.8.RELEASE.jar:1.5.8.RELEASE]
	at com.liangxin.platform.Main.main(Main.java:8) [classes/:?]
Caused by: org.apache.catalina.LifecycleException: service.getName(): "Tomcat";  Protocol handler start failed
	at org.apache.catalina.connector.Connector.startInternal(Connector.java:1031) ~[tomcat-embed-core-8.5.23.jar:8.5.23]
	at org.apache.catalina.util.LifecycleBase.start(LifecycleBase.java:150) ~[tomcat-embed-core-8.5.23.jar:8.5.23]
	... 13 more
Caused by: java.net.BindException: Address already in use: bind
	at sun.nio.ch.Net.bind0(Native Method) ~[?:1.8.0_201]
	at sun.nio.ch.Net.bind(Net.java:433) ~[?:1.8.0_201]
	at sun.nio.ch.Net.bind(Net.java:425) ~[?:1.8.0_201]
	at sun.nio.ch.ServerSocketChannelImpl.bind(ServerSocketChannelImpl.java:223) ~[?:1.8.0_201]
	at sun.nio.ch.ServerSocketAdaptor.bind(ServerSocketAdaptor.java:74) ~[?:1.8.0_201]
	at org.apache.tomcat.util.net.NioEndpoint.bind(NioEndpoint.java:210) ~[tomcat-embed-core-8.5.23.jar:8.5.23]
	at org.apache.tomcat.util.net.AbstractEndpoint.start(AbstractEndpoint.java:990) ~[tomcat-embed-core-8.5.23.jar:8.5.23]
	at org.apache.coyote.AbstractProtocol.start(AbstractProtocol.java:635) ~[tomcat-embed-core-8.5.23.jar:8.5.23]
	at org.apache.catalina.connector.Connector.startInternal(Connector.java:1022) ~[tomcat-embed-core-8.5.23.jar:8.5.23]
	at org.apache.catalina.util.LifecycleBase.start(LifecycleBase.java:150) ~[tomcat-embed-core-8.5.23.jar:8.5.23]
	... 13 more
[20:14:34:935] [ERROR] - org.springframework.boot.diagnostics.LoggingFailureAnalysisReporter.report(LoggingFailureAnalysisReporter.java:42) - 

***************************
APPLICATION FAILED TO START
***************************

Description:

The Tomcat connector configured to listen on port 8085 failed to start. The port may already be in use or the connector may be misconfigured.

Action:

Verify the connector's configuration, identify and stop any process that's listening on port 8085, or configure this application to listen on another port.

[20:21:01:261] [ERROR] - com.liangxin.platform.service.New_ProposalService.UpdateForm(New_ProposalService.java:305) - \java\web\Advice_MANAGEFILEDEV\img\img\02_1552982661973_24824_1.jpg (系统找不到指定的路径。)
[20:24:01:396] [ERROR] - com.liangxin.platform.service.New_ProposalService.UpdateForm(New_ProposalService.java:307) - \java\web\Advice_MANAGEFILEDEV\img\02_1552982661973_24824_1.jpg (系统找不到指定的路径。)
[21:17:39:515] [ERROR] - org.apache.juli.logging.DirectJDKLog.log(DirectJDKLog.java:181) - Failed to start end point associated with ProtocolHandler ["http-nio-8085"]
java.net.BindException: Address already in use: bind
	at sun.nio.ch.Net.bind0(Native Method) ~[?:1.8.0_201]
	at sun.nio.ch.Net.bind(Net.java:433) ~[?:1.8.0_201]
	at sun.nio.ch.Net.bind(Net.java:425) ~[?:1.8.0_201]
	at sun.nio.ch.ServerSocketChannelImpl.bind(ServerSocketChannelImpl.java:223) ~[?:1.8.0_201]
	at sun.nio.ch.ServerSocketAdaptor.bind(ServerSocketAdaptor.java:74) ~[?:1.8.0_201]
	at org.apache.tomcat.util.net.NioEndpoint.bind(NioEndpoint.java:210) ~[tomcat-embed-core-8.5.23.jar:8.5.23]
	at org.apache.tomcat.util.net.AbstractEndpoint.start(AbstractEndpoint.java:990) ~[tomcat-embed-core-8.5.23.jar:8.5.23]
	at org.apache.coyote.AbstractProtocol.start(AbstractProtocol.java:635) [tomcat-embed-core-8.5.23.jar:8.5.23]
	at org.apache.catalina.connector.Connector.startInternal(Connector.java:1022) [tomcat-embed-core-8.5.23.jar:8.5.23]
	at org.apache.catalina.util.LifecycleBase.start(LifecycleBase.java:150) [tomcat-embed-core-8.5.23.jar:8.5.23]
	at org.apache.catalina.core.StandardService.addConnector(StandardService.java:225) [tomcat-embed-core-8.5.23.jar:8.5.23]
	at org.springframework.boot.context.embedded.tomcat.TomcatEmbeddedServletContainer.addPreviouslyRemovedConnectors(TomcatEmbeddedServletContainer.java:250) [spring-boot-1.5.8.RELEASE.jar:1.5.8.RELEASE]
	at org.springframework.boot.context.embedded.tomcat.TomcatEmbeddedServletContainer.start(TomcatEmbeddedServletContainer.java:193) [spring-boot-1.5.8.RELEASE.jar:1.5.8.RELEASE]
	at org.springframework.boot.context.embedded.EmbeddedWebApplicationContext.startEmbeddedServletContainer(EmbeddedWebApplicationContext.java:297) [spring-boot-1.5.8.RELEASE.jar:1.5.8.RELEASE]
	at org.springframework.boot.context.embedded.EmbeddedWebApplicationContext.finishRefresh(EmbeddedWebApplicationContext.java:145) [spring-boot-1.5.8.RELEASE.jar:1.5.8.RELEASE]
	at org.springframework.context.support.AbstractApplicationContext.refresh(AbstractApplicationContext.java:546) [spring-context-4.3.12.RELEASE.jar:4.3.12.RELEASE]
	at org.springframework.boot.context.embedded.EmbeddedWebApplicationContext.refresh(EmbeddedWebApplicationContext.java:122) [spring-boot-1.5.8.RELEASE.jar:1.5.8.RELEASE]
	at org.springframework.boot.SpringApplication.refresh(SpringApplication.java:693) [spring-boot-1.5.8.RELEASE.jar:1.5.8.RELEASE]
	at org.springframework.boot.SpringApplication.refreshContext(SpringApplication.java:360) [spring-boot-1.5.8.RELEASE.jar:1.5.8.RELEASE]
	at org.springframework.boot.SpringApplication.run(SpringApplication.java:303) [spring-boot-1.5.8.RELEASE.jar:1.5.8.RELEASE]
	at org.springframework.boot.SpringApplication.run(SpringApplication.java:1118) [spring-boot-1.5.8.RELEASE.jar:1.5.8.RELEASE]
	at org.springframework.boot.SpringApplication.run(SpringApplication.java:1107) [spring-boot-1.5.8.RELEASE.jar:1.5.8.RELEASE]
	at com.liangxin.platform.Main.main(Main.java:8) [classes/:?]
[21:17:39:524] [ERROR] - org.apache.juli.logging.DirectJDKLog.log(DirectJDKLog.java:181) - Failed to start connector [Connector[HTTP/1.1-8085]]
org.apache.catalina.LifecycleException: Failed to start component [Connector[HTTP/1.1-8085]]
	at org.apache.catalina.util.LifecycleBase.start(LifecycleBase.java:167) ~[tomcat-embed-core-8.5.23.jar:8.5.23]
	at org.apache.catalina.core.StandardService.addConnector(StandardService.java:225) [tomcat-embed-core-8.5.23.jar:8.5.23]
	at org.springframework.boot.context.embedded.tomcat.TomcatEmbeddedServletContainer.addPreviouslyRemovedConnectors(TomcatEmbeddedServletContainer.java:250) [spring-boot-1.5.8.RELEASE.jar:1.5.8.RELEASE]
	at org.springframework.boot.context.embedded.tomcat.TomcatEmbeddedServletContainer.start(TomcatEmbeddedServletContainer.java:193) [spring-boot-1.5.8.RELEASE.jar:1.5.8.RELEASE]
	at org.springframework.boot.context.embedded.EmbeddedWebApplicationContext.startEmbeddedServletContainer(EmbeddedWebApplicationContext.java:297) [spring-boot-1.5.8.RELEASE.jar:1.5.8.RELEASE]
	at org.springframework.boot.context.embedded.EmbeddedWebApplicationContext.finishRefresh(EmbeddedWebApplicationContext.java:145) [spring-boot-1.5.8.RELEASE.jar:1.5.8.RELEASE]
	at org.springframework.context.support.AbstractApplicationContext.refresh(AbstractApplicationContext.java:546) [spring-context-4.3.12.RELEASE.jar:4.3.12.RELEASE]
	at org.springframework.boot.context.embedded.EmbeddedWebApplicationContext.refresh(EmbeddedWebApplicationContext.java:122) [spring-boot-1.5.8.RELEASE.jar:1.5.8.RELEASE]
	at org.springframework.boot.SpringApplication.refresh(SpringApplication.java:693) [spring-boot-1.5.8.RELEASE.jar:1.5.8.RELEASE]
	at org.springframework.boot.SpringApplication.refreshContext(SpringApplication.java:360) [spring-boot-1.5.8.RELEASE.jar:1.5.8.RELEASE]
	at org.springframework.boot.SpringApplication.run(SpringApplication.java:303) [spring-boot-1.5.8.RELEASE.jar:1.5.8.RELEASE]
	at org.springframework.boot.SpringApplication.run(SpringApplication.java:1118) [spring-boot-1.5.8.RELEASE.jar:1.5.8.RELEASE]
	at org.springframework.boot.SpringApplication.run(SpringApplication.java:1107) [spring-boot-1.5.8.RELEASE.jar:1.5.8.RELEASE]
	at com.liangxin.platform.Main.main(Main.java:8) [classes/:?]
Caused by: org.apache.catalina.LifecycleException: service.getName(): "Tomcat";  Protocol handler start failed
	at org.apache.catalina.connector.Connector.startInternal(Connector.java:1031) ~[tomcat-embed-core-8.5.23.jar:8.5.23]
	at org.apache.catalina.util.LifecycleBase.start(LifecycleBase.java:150) ~[tomcat-embed-core-8.5.23.jar:8.5.23]
	... 13 more
Caused by: java.net.BindException: Address already in use: bind
	at sun.nio.ch.Net.bind0(Native Method) ~[?:1.8.0_201]
	at sun.nio.ch.Net.bind(Net.java:433) ~[?:1.8.0_201]
	at sun.nio.ch.Net.bind(Net.java:425) ~[?:1.8.0_201]
	at sun.nio.ch.ServerSocketChannelImpl.bind(ServerSocketChannelImpl.java:223) ~[?:1.8.0_201]
	at sun.nio.ch.ServerSocketAdaptor.bind(ServerSocketAdaptor.java:74) ~[?:1.8.0_201]
	at org.apache.tomcat.util.net.NioEndpoint.bind(NioEndpoint.java:210) ~[tomcat-embed-core-8.5.23.jar:8.5.23]
	at org.apache.tomcat.util.net.AbstractEndpoint.start(AbstractEndpoint.java:990) ~[tomcat-embed-core-8.5.23.jar:8.5.23]
	at org.apache.coyote.AbstractProtocol.start(AbstractProtocol.java:635) ~[tomcat-embed-core-8.5.23.jar:8.5.23]
	at org.apache.catalina.connector.Connector.startInternal(Connector.java:1022) ~[tomcat-embed-core-8.5.23.jar:8.5.23]
	at org.apache.catalina.util.LifecycleBase.start(LifecycleBase.java:150) ~[tomcat-embed-core-8.5.23.jar:8.5.23]
	... 13 more
[21:17:39:765] [ERROR] - org.springframework.boot.diagnostics.LoggingFailureAnalysisReporter.report(LoggingFailureAnalysisReporter.java:42) - 

***************************
APPLICATION FAILED TO START
***************************

Description:

The Tomcat connector configured to listen on port 8085 failed to start. The port may already be in use or the connector may be misconfigured.

Action:

Verify the connector's configuration, identify and stop any process that's listening on port 8085, or configure this application to listen on another port.

[21:26:40:013] [ERROR] - com.liangxin.platform.service.New_ProposalService.AddForm(New_ProposalService.java:271) - null
[21:30:10:937] [ERROR] - com.liangxin.platform.service.New_ProposalService.AddForm(New_ProposalService.java:271) - null
[21:36:04:426] [ERROR] - com.liangxin.platform.service.New_ProposalService.AddForm(New_ProposalService.java:271) - null
[21:36:40:840] [ERROR] - com.liangxin.platform.service.New_ProposalService.AddForm(New_ProposalService.java:271) - null
[21:37:25:747] [ERROR] - com.liangxin.platform.service.New_ProposalService.AddForm(New_ProposalService.java:271) - null
[21:40:50:686] [ERROR] - com.liangxin.platform.service.New_ProposalService.AddForm(New_ProposalService.java:271) - null
