[09:51:32:588] [ERROR] - com.liangxin.platform.service.New_IntegralService.getWebIntegralListByName(New_IntegralService.java:233) - 
### Error querying database.  Cause: com.microsoft.sqlserver.jdbc.SQLServerException: 不能对 NULL 调用方法。
### The error may exist in com/liangxin/platform/mapper/advise/INew_IntegralMapper.xml
### The error may involve defaultParameterMap
### The error occurred while setting parameters
### SQL: WITH emp1 AS (SELECT empcode, c_name, coalesce(CASE WHEN len(q.orgcode5) = 2 THEN (q.orgcode4 + q.orgcode5) WHEN len(q.orgcode5) > 0 THEN q.orgcode5 END, CASE WHEN len(q.orgcode4) > 0 THEN q.orgcode4 END, CASE WHEN len(q.orgcode3) > 0 THEN q.orgcode3 END, CASE WHEN len(q.orgcode2) > 0 THEN q.orgcode2 END, q.orgcode1) org FROM new_Employee1 q WHERE id != '' AND orgcode1 != '' AND c_name != '' AND empcode != '') SELECT TOP 20 depart, name, empno_, integralsum, useIntegral, ID_ FROM (SELECT ROW_NUMBER() OVER ( ORDER BY null.IntegralSum_ DESC ) PAGE_ROW_NUMBER, e_name AS depart, c_name + '（' + ni.empno_ + ')' AS name, empno_, IntegralSum_ AS integralsum, Use_Integral_ AS useIntegral, ID_ FROM New_Integral_ ni LEFT JOIN emp1 e1 ON ni.empno_ = e1.empcode LEFT JOIN new_organization nn ON nn.orgcode2 = e1.org WHERE ni.empno_ LIKE '%' + ? + '%' OR c_name LIKE '%' + ? + '%') AS PAGE_TABLE_ALIAS WHERE PAGE_ROW_NUMBER > 0 ORDER BY PAGE_ROW_NUMBER
### Cause: com.microsoft.sqlserver.jdbc.SQLServerException: 不能对 NULL 调用方法。
; uncategorized SQLException for SQL []; SQL state [S0001]; error code [258]; 不能对 NULL 调用方法。; nested exception is com.microsoft.sqlserver.jdbc.SQLServerException: 不能对 NULL 调用方法。
[09:52:21:318] [ERROR] - com.liangxin.platform.service.New_IntegralService.getWebIntegralListByName(New_IntegralService.java:233) - 
### Error querying database.  Cause: com.microsoft.sqlserver.jdbc.SQLServerException: 不能对 NULL 调用方法。
### The error may exist in com/liangxin/platform/mapper/advise/INew_IntegralMapper.xml
### The error may involve defaultParameterMap
### The error occurred while setting parameters
### SQL: WITH emp1 AS (SELECT empcode, c_name, coalesce(CASE WHEN len(q.orgcode5) = 2 THEN (q.orgcode4 + q.orgcode5) WHEN len(q.orgcode5) > 0 THEN q.orgcode5 END, CASE WHEN len(q.orgcode4) > 0 THEN q.orgcode4 END, CASE WHEN len(q.orgcode3) > 0 THEN q.orgcode3 END, CASE WHEN len(q.orgcode2) > 0 THEN q.orgcode2 END, q.orgcode1) org FROM new_Employee1 q WHERE id != '' AND orgcode1 != '' AND c_name != '' AND empcode != '') SELECT TOP 20 depart, name, empno_, integralsum, useIntegral, ID_ FROM (SELECT ROW_NUMBER() OVER ( ORDER BY null.IntegralSum_ DESC ) PAGE_ROW_NUMBER, e_name AS depart, c_name + '（' + ni.empno_ + ')' AS name, empno_, IntegralSum_ AS integralsum, Use_Integral_ AS useIntegral, ID_ FROM New_Integral_ ni LEFT JOIN emp1 e1 ON ni.empno_ = e1.empcode LEFT JOIN new_organization nn ON nn.orgcode2 = e1.org WHERE ni.empno_ LIKE '%' + ? + '%' OR c_name LIKE '%' + ? + '%') AS PAGE_TABLE_ALIAS WHERE PAGE_ROW_NUMBER > 0 ORDER BY PAGE_ROW_NUMBER
### Cause: com.microsoft.sqlserver.jdbc.SQLServerException: 不能对 NULL 调用方法。
; uncategorized SQLException for SQL []; SQL state [S0001]; error code [258]; 不能对 NULL 调用方法。; nested exception is com.microsoft.sqlserver.jdbc.SQLServerException: 不能对 NULL 调用方法。
[09:54:33:533] [ERROR] - com.liangxin.platform.service.New_IntegralService.getWebIntegralListByName(New_IntegralService.java:233) - nested exception is org.apache.ibatis.reflection.ReflectionException: There is no getter for property named 'integralsum' in 'class com.liangxin.platform.common.entity.advise.inputParam.proposal.ListOAInput'
[09:58:07:124] [ERROR] - com.liangxin.platform.service.New_IntegralService.getWebIntegralListByName(New_IntegralService.java:233) - 
### Error querying database.  Cause: com.microsoft.sqlserver.jdbc.SQLServerException: 不能对 NULL 调用方法。
### The error may exist in com/liangxin/platform/mapper/advise/INew_IntegralMapper.xml
### The error may involve defaultParameterMap
### The error occurred while setting parameters
### SQL: WITH emp1 AS (SELECT empcode, c_name, coalesce(CASE WHEN len(q.orgcode5) = 2 THEN (q.orgcode4 + q.orgcode5) WHEN len(q.orgcode5) > 0 THEN q.orgcode5 END, CASE WHEN len(q.orgcode4) > 0 THEN q.orgcode4 END, CASE WHEN len(q.orgcode3) > 0 THEN q.orgcode3 END, CASE WHEN len(q.orgcode2) > 0 THEN q.orgcode2 END, q.orgcode1) org FROM new_Employee1 q WHERE id != '' AND orgcode1 != '' AND c_name != '' AND empcode != '') SELECT TOP 20 depart, name, empno_, integralsum, useIntegral, ID_ FROM (SELECT ROW_NUMBER() OVER ( ORDER BY null.IntegralSum_ DESC ) PAGE_ROW_NUMBER, e_name AS depart, c_name + '（' + ni.empno_ + ')' AS name, empno_, IntegralSum_ AS integralsum, Use_Integral_ AS useIntegral, ID_ FROM New_Integral_ ni LEFT JOIN emp1 e1 ON ni.empno_ = e1.empcode LEFT JOIN new_organization nn ON nn.orgcode2 = e1.org WHERE ni.empno_ LIKE '%' + ? + '%' OR c_name LIKE '%' + ? + '%') AS PAGE_TABLE_ALIAS WHERE PAGE_ROW_NUMBER > 0 ORDER BY PAGE_ROW_NUMBER
### Cause: com.microsoft.sqlserver.jdbc.SQLServerException: 不能对 NULL 调用方法。
; uncategorized SQLException for SQL []; SQL state [S0001]; error code [258]; 不能对 NULL 调用方法。; nested exception is com.microsoft.sqlserver.jdbc.SQLServerException: 不能对 NULL 调用方法。
[10:02:16:697] [ERROR] - com.liangxin.platform.service.New_IntegralService.getWebIntegralListByName(New_IntegralService.java:233) - nested exception is org.apache.ibatis.exceptions.PersistenceException: 
### Error querying database.  Cause: java.lang.ClassCastException: net.sf.jsqlparser.expression.LongValue cannot be cast to net.sf.jsqlparser.schema.Column
### The error may exist in com/liangxin/platform/mapper/advise/INew_IntegralMapper.xml
### The error may involve com.liangxin.platform.mapper.advise.INew_IntegralMapper.getWebIntegralListByName_COUNT
### The error occurred while handling results
### SQL: WITH emp1 AS (SELECT empcode, c_name, coalesce(CASE WHEN len(q.orgcode5) = 2 THEN (q.orgcode4 + q.orgcode5) WHEN len(q.orgcode5) > 0 THEN q.orgcode5 END, CASE WHEN len(q.orgcode4) > 0 THEN q.orgcode4 END, CASE WHEN len(q.orgcode3) > 0 THEN q.orgcode3 END, CASE WHEN len(q.orgcode2) > 0 THEN q.orgcode2 END, q.orgcode1) org FROM new_Employee1 q WHERE id != '' AND orgcode1 != '' AND c_name != '' AND empcode != '') SELECT count(0) FROM New_Integral_ ni LEFT JOIN emp1 e1 ON ni.empno_ = e1.empcode LEFT JOIN new_organization nn ON nn.orgcode2 = e1.org WHERE ni.empno_ LIKE '%' + ? + '%' OR c_name LIKE '%' + ? + '%'
### Cause: java.lang.ClassCastException: net.sf.jsqlparser.expression.LongValue cannot be cast to net.sf.jsqlparser.schema.Column
[15:29:02:686] [ERROR] - com.liangxin.platform.service.New_ProposalService.getImplementName(New_ProposalService.java:1049) - nested exception is org.apache.ibatis.executor.ExecutorException: A query was run and no Result Maps were found for the Mapped Statement 'com.liangxin.platform.mapper.advise.INew_ProposalMapper.getImplementName'.  It's likely that neither a Result Type nor a Result Map was specified.
